<?xml version="1.0" encoding="UTF-8"?>
<!-- Generated by org.testng.reporters.JUnitReportReporter -->
<testsuite hostname="DESKTOP-ALU41OF" failures="0" tests="6" name="TestCases" time="51.385" errors="0" timestamp="2023-05-12T09:37:43 EET" skipped="0">
  <testcase classname="TestCases" name="Check_Default_Language" time="0.122"/>
  <system-out/>
  <testcase classname="TestCases" name="Search_For_Hotels" time="40.041"/>
  <system-out/>
  <testcase classname="TestCases" name="Randomly_Select_Number_ofVisitors" time="0.279"/>
  <system-out/>
  <testcase classname="TestCases" name="Search_Hotel" time="1.383"/>
  <system-out/>
  <testcase classname="TestCases" name="DoneSearching" time="9.557"/>
  <system-out/>
  <testcase classname="TestCases" name="Sorting_Lowest_To_Highest_Price" time="0.003"/>
  <system-out/>
</testsuite> <!-- TestCases -->
